08:56:25.339 [main] INFO  testCases.TC001_AgentLoginTest - Testcase Started TC001_AgentLoginTest
08:56:25.783 [main] INFO  testCases.TC001_AgentLoginTest - Pass username and password
08:56:27.935 [main] INFO  testCases.TC001_AgentLoginTest - Click Login button
08:58:00.281 [main] INFO  testCases.TC001_AgentLoginTest - Testcase Execution Started TC001_AgentLoginTest
08:58:00.779 [main] INFO  testCases.TC001_AgentLoginTest - Pass username and password
08:58:02.908 [main] INFO  testCases.TC001_AgentLoginTest - Click Login button
08:58:02.975 [main] INFO  testCases.TC001_AgentLoginTest - TestCase Execution Completed
09:00:14.038 [main] INFO  testCases.TC001_AgentLoginTest - Testcase Execution Started TC001_AgentLoginTest
09:00:14.459 [main] INFO  testCases.TC001_AgentLoginTest - Pass username and password
09:00:16.597 [main] INFO  testCases.TC001_AgentLoginTest - Click Login button
09:00:16.666 [main] INFO  testCases.TC001_AgentLoginTest - TestCase Execution Completed
09:09:11.911 [main] INFO  testCases.TC001_AgentLoginTest - Testcase Execution Started TC001_AgentLoginTest
09:09:12.390 [main] INFO  testCases.TC001_AgentLoginTest - Pass username and password
09:09:14.555 [main] INFO  testCases.TC001_AgentLoginTest - Click Login button
09:15:23.314 [main] INFO  testCases.TC001_AgentLoginTest - Testcase Execution Started TC001_AgentLoginTest
09:15:23.801 [main] INFO  testCases.TC001_AgentLoginTest - Pass username and password
09:15:25.926 [main] INFO  testCases.TC001_AgentLoginTest - Click Login button
09:15:25.995 [main] INFO  testCases.TC001_AgentLoginTest - Verify OTP Sent Successfully message
09:15:36.062 [main] INFO  testCases.TC001_AgentLoginTest - TestCase Execution Completed
09:45:45.339 [main] INFO  testCases.TC001_AgentLoginTest - Testcase Execution Started TC001_AgentLoginTest
09:45:46.191 [main] INFO  testCases.TC001_AgentLoginTest - Pass username and password
09:45:48.365 [main] INFO  testCases.TC001_AgentLoginTest - Click Login button
09:45:48.482 [main] INFO  testCases.TC001_AgentLoginTest - Verify OTP Sent Successfully message
09:49:27.131 [main] INFO  testCases.TC001_AgentLoginTest - Testcase Execution Started TC001_AgentLoginTest
09:49:27.755 [main] INFO  testCases.TC001_AgentLoginTest - Pass username and password
09:49:29.938 [main] INFO  testCases.TC001_AgentLoginTest - Click Login button
09:49:30.025 [main] INFO  testCases.TC001_AgentLoginTest - Verify OTP Sent Successfully message
09:49:40.083 [main] INFO  testCases.TC001_AgentLoginTest - TestCase Execution Completed
18:54:37.000 [main] INFO  testCases.TC001_AgentLoginTest - Testcase Execution Started TC001_AgentLoginTest
18:54:37.467 [main] INFO  testCases.TC001_AgentLoginTest - Pass username and password
18:54:39.564 [main] INFO  testCases.TC001_AgentLoginTest - Click Login button
18:54:39.675 [main] INFO  testCases.TC001_AgentLoginTest - Verify OTP Sent Successfully message
18:54:49.733 [main] INFO  testCases.TC001_AgentLoginTest - TestCase Execution Completed
18:55:51.390 [main] INFO  testCases.TC001_AgentLoginTest - Testcase Execution Started TC001_AgentLoginTest
18:55:51.985 [main] INFO  testCases.TC001_AgentLoginTest - Pass username and password
18:55:54.136 [main] INFO  testCases.TC001_AgentLoginTest - Click Login button
18:55:54.228 [main] DEBUG testCases.TC001_AgentLoginTest - Verify OTP Sent Successfully message
18:56:04.266 [main] INFO  testCases.TC001_AgentLoginTest - TestCase Execution Completed
20:38:06.920 [main] INFO  testCases.TC001_AgentLoginTest - Testcase Execution Started TC001_AgentLoginTest
20:38:07.427 [main] INFO  testCases.TC001_AgentLoginTest - Pass username and password
20:38:09.558 [main] INFO  testCases.TC001_AgentLoginTest - Click Login button
20:38:19.730 [main] INFO  testCases.TC001_AgentLoginTest - TestCase Execution Completed
20:39:02.299 [main] INFO  testCases.TC001_AgentLoginTest - Testcase Execution Started TC001_AgentLoginTest
20:39:02.463 [main] INFO  testCases.TC001_AgentLoginTest - Pass username and password
20:39:04.507 [main] INFO  testCases.TC001_AgentLoginTest - Click Login button
20:39:14.617 [main] INFO  testCases.TC001_AgentLoginTest - TestCase Execution Completed
20:39:57.352 [main] INFO  testCases.TC001_AgentLoginTest - Testcase Execution Started TC001_AgentLoginTest
20:39:57.809 [main] INFO  testCases.TC001_AgentLoginTest - Pass username and password
20:39:59.967 [main] INFO  testCases.TC001_AgentLoginTest - Click Login button
20:40:10.141 [main] INFO  testCases.TC001_AgentLoginTest - TestCase Execution Completed
20:40:55.351 [TestNG-tests-1] INFO  testCases.TC001_AgentLoginTest - Testcase Execution Started TC001_AgentLoginTest
20:40:55.849 [TestNG-tests-1] INFO  testCases.TC001_AgentLoginTest - Pass username and password
20:40:57.973 [TestNG-tests-1] INFO  testCases.TC001_AgentLoginTest - Click Login button
20:41:08.106 [TestNG-tests-1] INFO  testCases.TC001_AgentLoginTest - TestCase Execution Completed
20:41:13.597 [TestNG-tests-1] INFO  testCases.TC001_AgentLoginTest - Testcase Execution Started TC001_AgentLoginTest
20:41:14.084 [TestNG-tests-1] INFO  testCases.TC001_AgentLoginTest - Pass username and password
20:41:16.208 [TestNG-tests-1] INFO  testCases.TC001_AgentLoginTest - Click Login button
20:41:26.334 [TestNG-tests-1] INFO  testCases.TC001_AgentLoginTest - TestCase Execution Completed
20:41:33.734 [TestNG-tests-1] INFO  testCases.TC001_AgentLoginTest - Testcase Execution Started TC001_AgentLoginTest
20:41:33.804 [TestNG-tests-1] INFO  testCases.TC001_AgentLoginTest - Pass username and password
20:41:35.841 [TestNG-tests-1] INFO  testCases.TC001_AgentLoginTest - Click Login button
20:41:45.938 [TestNG-tests-1] INFO  testCases.TC001_AgentLoginTest - TestCase Execution Completed
20:42:11.585 [TestNG-tests-1] INFO  testCases.TC001_AgentLoginTest - Testcase Execution Started TC001_AgentLoginTest
20:42:11.618 [TestNG-tests-2] INFO  testCases.TC001_AgentLoginTest - Testcase Execution Started TC001_AgentLoginTest
20:42:12.029 [TestNG-tests-1] INFO  testCases.TC001_AgentLoginTest - Pass username and password
20:42:12.180 [TestNG-tests-2] INFO  testCases.TC001_AgentLoginTest - Pass username and password
20:42:14.073 [TestNG-tests-3] INFO  testCases.TC001_AgentLoginTest - Testcase Execution Started TC001_AgentLoginTest
20:42:14.145 [TestNG-tests-3] INFO  testCases.TC001_AgentLoginTest - Pass username and password
20:42:14.200 [TestNG-tests-1] INFO  testCases.TC001_AgentLoginTest - Click Login button
20:42:14.330 [TestNG-tests-2] INFO  testCases.TC001_AgentLoginTest - Click Login button
20:42:16.187 [TestNG-tests-3] INFO  testCases.TC001_AgentLoginTest - Click Login button
20:42:24.344 [TestNG-tests-1] INFO  testCases.TC001_AgentLoginTest - TestCase Execution Completed
20:42:24.487 [TestNG-tests-2] INFO  testCases.TC001_AgentLoginTest - TestCase Execution Completed
20:42:26.288 [TestNG-tests-3] INFO  testCases.TC001_AgentLoginTest - TestCase Execution Completed
21:14:04.924 [main] INFO  testCases.TC001_AgentLoginTest - Testcase Execution Started TC001_AgentLoginTest
21:14:05.656 [main] INFO  testCases.TC001_AgentLoginTest - Pass username and password
21:14:07.788 [main] INFO  testCases.TC001_AgentLoginTest - Click Login button
21:14:17.906 [main] INFO  testCases.TC001_AgentLoginTest - TestCase Execution Completed
00:20:39.214 [main] INFO  testCases.TC001_AgentLoginTest - Testcase Execution Started TC001_AgentLoginTest
00:20:39.681 [main] INFO  testCases.TC001_AgentLoginTest - Pass username and password
00:20:41.766 [main] INFO  testCases.TC001_AgentLoginTest - Click Login button
00:20:51.838 [main] INFO  testCases.TC001_AgentLoginTest - TestCase Execution Completed
00:26:23.051 [main] INFO  testCases.TC001_AgentLoginTest - Testcase Execution Started TC001_AgentLoginTest
00:26:23.088 [main] INFO  testCases.TC001_AgentLoginTest - Pass username and password
00:26:23.543 [main] INFO  testCases.TC001_AgentLoginTest - Click Login button
00:26:23.601 [main] INFO  testCases.TC001_AgentLoginTest - Verify OTP Sent Successfully message
00:26:25.793 [main] INFO  testCases.TC001_AgentLoginTest - TestCase Execution Completed
10:29:02.622 [main] INFO  testCases.TC002_LoginValidationTest - Testcase Execution Started TC001_AgentLoginTest
10:29:02.672 [main] INFO  testCases.TC002_LoginValidationTest - Pass username and password
10:29:03.011 [main] INFO  testCases.TC002_LoginValidationTest - Click Login button
10:29:03.126 [main] INFO  testCases.TC002_LoginValidationTest - Verify OTP Page Header is Displayed
10:29:12.280 [main] INFO  testCases.TC002_LoginValidationTest - Testcase Execution Started TC001_AgentLoginTest
10:29:12.282 [main] INFO  testCases.TC002_LoginValidationTest - Pass username and password
10:29:22.359 [main] INFO  testCases.TC002_LoginValidationTest - Testcase Execution Started TC001_AgentLoginTest
10:29:22.360 [main] INFO  testCases.TC002_LoginValidationTest - Pass username and password
10:29:32.418 [main] INFO  testCases.TC002_LoginValidationTest - Testcase Execution Started TC001_AgentLoginTest
10:29:32.420 [main] INFO  testCases.TC002_LoginValidationTest - Pass username and password
15:54:21.667 [main] INFO  testCases.TC002_LoginValidationTest - Testcase Execution Started TC001_AgentLoginTest
15:54:21.693 [main] INFO  testCases.TC002_LoginValidationTest - Pass username and password
15:54:21.864 [main] INFO  testCases.TC002_LoginValidationTest - Click Login button
15:54:21.948 [main] INFO  testCases.TC002_LoginValidationTest - Verify OTP Page Header is Displayed
15:54:31.708 [main] INFO  testCases.TC002_LoginValidationTest - Testcase Execution Started TC001_AgentLoginTest
15:54:31.708 [main] INFO  testCases.TC002_LoginValidationTest - Pass username and password
15:54:31.832 [main] INFO  testCases.TC002_LoginValidationTest - Click Login button
15:54:31.879 [main] INFO  testCases.TC002_LoginValidationTest - Verify OTP Page Header is Displayed
15:54:41.948 [main] INFO  testCases.TC002_LoginValidationTest - Testcase Execution Started TC001_AgentLoginTest
15:54:41.948 [main] INFO  testCases.TC002_LoginValidationTest - Pass username and password
15:54:42.067 [main] INFO  testCases.TC002_LoginValidationTest - Click Login button
15:54:42.108 [main] INFO  testCases.TC002_LoginValidationTest - Verify OTP Page Header is Displayed
15:54:52.112 [main] INFO  testCases.TC002_LoginValidationTest - Testcase Execution Started TC001_AgentLoginTest
15:54:52.112 [main] INFO  testCases.TC002_LoginValidationTest - Pass username and password
15:54:52.227 [main] INFO  testCases.TC002_LoginValidationTest - Click Login button
15:54:52.268 [main] INFO  testCases.TC002_LoginValidationTest - Verify OTP Page Header is Displayed
15:56:33.869 [main] INFO  testCases.TC002_LoginValidationTest - Testcase Execution Started TC001_AgentLoginTest
15:56:33.892 [main] INFO  testCases.TC002_LoginValidationTest - Pass username and password
15:56:34.254 [main] INFO  testCases.TC002_LoginValidationTest - Click Login button
15:56:34.312 [main] INFO  testCases.TC002_LoginValidationTest - Verify OTP Page Header is Displayed
15:56:35.318 [main] INFO  testCases.TC002_LoginValidationTest - Testcase Execution Started TC001_AgentLoginTest
15:56:35.318 [main] INFO  testCases.TC002_LoginValidationTest - Pass username and password
15:56:35.504 [main] INFO  testCases.TC002_LoginValidationTest - Click Login button
15:56:35.557 [main] INFO  testCases.TC002_LoginValidationTest - Verify OTP Page Header is Displayed
15:56:45.606 [main] INFO  testCases.TC002_LoginValidationTest - Testcase Execution Started TC001_AgentLoginTest
15:56:45.606 [main] INFO  testCases.TC002_LoginValidationTest - Pass username and password
15:56:45.785 [main] INFO  testCases.TC002_LoginValidationTest - Click Login button
15:56:45.829 [main] INFO  testCases.TC002_LoginValidationTest - Verify OTP Page Header is Displayed
15:56:55.873 [main] INFO  testCases.TC002_LoginValidationTest - Testcase Execution Started TC001_AgentLoginTest
15:56:55.873 [main] INFO  testCases.TC002_LoginValidationTest - Pass username and password
15:56:56.063 [main] INFO  testCases.TC002_LoginValidationTest - Click Login button
15:56:56.104 [main] INFO  testCases.TC002_LoginValidationTest - Verify OTP Page Header is Displayed
16:01:57.723 [main] INFO  testCases.TC002_LoginValidationTest - Testcase Execution Started TC001_AgentLoginTest
16:01:57.750 [main] INFO  testCases.TC002_LoginValidationTest - Pass username and password
16:01:57.957 [main] INFO  testCases.TC002_LoginValidationTest - Click Login button
16:01:58.018 [main] INFO  testCases.TC002_LoginValidationTest - Verify OTP Page Header is Displayed
16:01:59.136 [main] INFO  testCases.TC002_LoginValidationTest - Testcase Execution Started TC001_AgentLoginTest
16:01:59.139 [main] INFO  testCases.TC002_LoginValidationTest - Pass username and password
16:01:59.391 [main] INFO  testCases.TC002_LoginValidationTest - Click Login button
16:01:59.460 [main] INFO  testCases.TC002_LoginValidationTest - Verify OTP Page Header is Displayed
16:02:09.500 [main] INFO  testCases.TC002_LoginValidationTest - Testcase Execution Started TC001_AgentLoginTest
16:02:09.500 [main] INFO  testCases.TC002_LoginValidationTest - Pass username and password
16:02:09.667 [main] INFO  testCases.TC002_LoginValidationTest - Click Login button
16:02:09.711 [main] INFO  testCases.TC002_LoginValidationTest - Verify OTP Page Header is Displayed
16:02:19.792 [main] INFO  testCases.TC002_LoginValidationTest - Testcase Execution Started TC001_AgentLoginTest
16:02:19.792 [main] INFO  testCases.TC002_LoginValidationTest - Pass username and password
16:02:19.963 [main] INFO  testCases.TC002_LoginValidationTest - Click Login button
16:02:20.016 [main] INFO  testCases.TC002_LoginValidationTest - Verify OTP Page Header is Displayed
16:07:38.844 [main] INFO  testCases.TC002_LoginValidationTest - Testcase Execution Started TC001_AgentLoginTest
16:07:38.878 [main] INFO  testCases.TC002_LoginValidationTest - Pass username and password
16:07:39.211 [main] INFO  testCases.TC002_LoginValidationTest - Click Login button
16:07:39.305 [main] INFO  testCases.TC002_LoginValidationTest - Verify OTP Page Header is Displayed
16:07:40.661 [main] INFO  testCases.TC002_LoginValidationTest - Testcase Execution Started TC001_AgentLoginTest
16:07:40.661 [main] INFO  testCases.TC002_LoginValidationTest - Pass username and password
16:07:40.946 [main] INFO  testCases.TC002_LoginValidationTest - Click Login button
16:07:41.040 [main] INFO  testCases.TC002_LoginValidationTest - Verify OTP Page Header is Displayed
16:07:51.087 [main] INFO  testCases.TC002_LoginValidationTest - Testcase Execution Started TC001_AgentLoginTest
16:07:51.089 [main] INFO  testCases.TC002_LoginValidationTest - Pass username and password
16:07:51.413 [main] INFO  testCases.TC002_LoginValidationTest - Click Login button
16:07:51.506 [main] INFO  testCases.TC002_LoginValidationTest - Verify OTP Page Header is Displayed
16:08:01.526 [main] INFO  testCases.TC002_LoginValidationTest - Testcase Execution Started TC001_AgentLoginTest
16:08:01.526 [main] INFO  testCases.TC002_LoginValidationTest - Pass username and password
16:08:01.848 [main] INFO  testCases.TC002_LoginValidationTest - Click Login button
16:08:01.944 [main] INFO  testCases.TC002_LoginValidationTest - Verify OTP Page Header is Displayed
16:10:17.761 [main] INFO  testCases.TC002_LoginValidationTest - Testcase Execution Started TC001_AgentLoginTest
16:10:17.800 [main] INFO  testCases.TC002_LoginValidationTest - Pass username and password
16:10:18.114 [main] INFO  testCases.TC002_LoginValidationTest - Click Login button
16:10:18.226 [main] INFO  testCases.TC002_LoginValidationTest - Verify OTP Page Header is Displayed
16:10:19.345 [main] INFO  testCases.TC002_LoginValidationTest - Testcase Execution Started TC001_AgentLoginTest
16:10:19.345 [main] INFO  testCases.TC002_LoginValidationTest - Pass username and password
16:10:19.640 [main] INFO  testCases.TC002_LoginValidationTest - Click Login button
16:10:19.753 [main] INFO  testCases.TC002_LoginValidationTest - Verify OTP Page Header is Displayed
16:10:29.812 [main] INFO  testCases.TC002_LoginValidationTest - Testcase Execution Started TC001_AgentLoginTest
16:10:29.814 [main] INFO  testCases.TC002_LoginValidationTest - Pass username and password
16:10:30.132 [main] INFO  testCases.TC002_LoginValidationTest - Click Login button
16:10:30.224 [main] INFO  testCases.TC002_LoginValidationTest - Verify OTP Page Header is Displayed
16:10:40.260 [main] INFO  testCases.TC002_LoginValidationTest - Testcase Execution Started TC001_AgentLoginTest
16:10:40.260 [main] INFO  testCases.TC002_LoginValidationTest - Pass username and password
16:10:40.599 [main] INFO  testCases.TC002_LoginValidationTest - Click Login button
16:10:40.701 [main] INFO  testCases.TC002_LoginValidationTest - Verify OTP Page Header is Displayed
16:13:06.810 [main] INFO  testCases.TC002_LoginValidationTest - Testcase Execution Started TC001_AgentLoginTest
16:13:06.840 [main] INFO  testCases.TC002_LoginValidationTest - Pass username and password
16:13:07.162 [main] INFO  testCases.TC002_LoginValidationTest - Click Login button
16:13:07.271 [main] INFO  testCases.TC002_LoginValidationTest - Verify OTP Page Header is Displayed
16:13:17.319 [main] INFO  testCases.TC002_LoginValidationTest - Testcase Execution Started TC001_AgentLoginTest
16:13:17.319 [main] INFO  testCases.TC002_LoginValidationTest - Pass username and password
16:13:17.643 [main] INFO  testCases.TC002_LoginValidationTest - Click Login button
16:13:17.738 [main] INFO  testCases.TC002_LoginValidationTest - Verify OTP Page Header is Displayed
16:13:27.768 [main] INFO  testCases.TC002_LoginValidationTest - Testcase Execution Started TC001_AgentLoginTest
16:13:27.769 [main] INFO  testCases.TC002_LoginValidationTest - Pass username and password
16:13:28.109 [main] INFO  testCases.TC002_LoginValidationTest - Click Login button
16:13:28.198 [main] INFO  testCases.TC002_LoginValidationTest - Verify OTP Page Header is Displayed
16:13:38.251 [main] INFO  testCases.TC002_LoginValidationTest - Testcase Execution Started TC001_AgentLoginTest
16:13:38.251 [main] INFO  testCases.TC002_LoginValidationTest - Pass username and password
16:13:38.596 [main] INFO  testCases.TC002_LoginValidationTest - Click Login button
16:13:38.687 [main] INFO  testCases.TC002_LoginValidationTest - Verify OTP Page Header is Displayed
17:28:37.886 [main] INFO  testCases.TC002_LoginValidationTest - Testcase Execution Started TC001_AgentLoginTest
17:28:37.925 [main] INFO  testCases.TC002_LoginValidationTest - Pass username and password
17:28:38.416 [main] INFO  testCases.TC002_LoginValidationTest - Click Login button
17:28:38.573 [main] INFO  testCases.TC002_LoginValidationTest - Verify OTP Page Header is Displayed
17:28:47.353 [main] INFO  testCases.TC002_LoginValidationTest - Testcase Execution Started TC001_AgentLoginTest
17:28:47.353 [main] INFO  testCases.TC002_LoginValidationTest - Pass username and password
17:28:47.737 [main] INFO  testCases.TC002_LoginValidationTest - Click Login button
17:28:47.877 [main] INFO  testCases.TC002_LoginValidationTest - Verify OTP Page Header is Displayed
17:28:57.908 [main] INFO  testCases.TC002_LoginValidationTest - Test execution completed TC002_LoginValidationTest
17:28:57.910 [main] INFO  testCases.TC002_LoginValidationTest - Testcase Execution Started TC001_AgentLoginTest
17:28:57.910 [main] INFO  testCases.TC002_LoginValidationTest - Pass username and password
17:28:58.335 [main] INFO  testCases.TC002_LoginValidationTest - Click Login button
17:28:58.461 [main] INFO  testCases.TC002_LoginValidationTest - Verify OTP Page Header is Displayed
17:29:08.526 [main] INFO  testCases.TC002_LoginValidationTest - Test execution completed TC002_LoginValidationTest
17:29:08.529 [main] INFO  testCases.TC002_LoginValidationTest - Testcase Execution Started TC001_AgentLoginTest
17:29:08.531 [main] INFO  testCases.TC002_LoginValidationTest - Pass username and password
17:29:08.939 [main] INFO  testCases.TC002_LoginValidationTest - Click Login button
17:29:09.067 [main] INFO  testCases.TC002_LoginValidationTest - Verify OTP Page Header is Displayed
17:29:19.131 [main] INFO  testCases.TC002_LoginValidationTest - Test execution completed TC002_LoginValidationTest
20:07:13.064 [main] INFO  testCases.TC001_AgentLoginTest - Testcase Execution Started TC001_AgentLoginTest
20:07:13.099 [main] INFO  testCases.TC001_AgentLoginTest - Pass username and password
20:07:18.873 [main] INFO  testCases.TC001_AgentLoginTest - Click Login button
20:07:18.932 [main] INFO  testCases.TC001_AgentLoginTest - Verify OTP Sent Successfully message
20:07:28.430 [main] INFO  testCases.TC001_AgentLoginTest - TestCase Execution Completed
20:10:46.881 [main] INFO  testCases.TC001_AgentLoginTest - Testcase Execution Started TC001_AgentLoginTest
20:10:46.917 [main] INFO  testCases.TC001_AgentLoginTest - Pass username and password
20:10:47.668 [main] INFO  testCases.TC001_AgentLoginTest - Click Login button
20:10:47.735 [main] INFO  testCases.TC001_AgentLoginTest - Verify OTP Sent Successfully message
20:10:48.673 [main] INFO  testCases.TC001_AgentLoginTest - TestCase Execution Completed
09:47:01.455 [main] INFO  testCases.TC001_AgentLoginTest - Testcase Execution Started TC001_AgentLoginTest
09:47:01.488 [main] INFO  testCases.TC001_AgentLoginTest - Pass username and password
09:47:02.310 [main] INFO  testCases.TC001_AgentLoginTest - Click Login button
09:47:02.432 [main] INFO  testCases.TC001_AgentLoginTest - Verify OTP Sent Successfully message
09:47:12.474 [main] INFO  testCases.TC001_AgentLoginTest - TestCase Execution Completed
09:51:45.861 [main] INFO  testCases.TC001_AgentLoginTest - Testcase Execution Started TC001_AgentLoginTest
09:51:45.894 [main] INFO  testCases.TC001_AgentLoginTest - Pass username and password
09:51:46.667 [main] INFO  testCases.TC001_AgentLoginTest - Click Login button
09:51:46.779 [main] INFO  testCases.TC001_AgentLoginTest - Verify OTP Sent Successfully message
09:51:47.823 [main] INFO  testCases.TC001_AgentLoginTest - TestCase Execution Completed
09:55:54.164 [main] INFO  testCases.TC001_AgentLoginTest - Testcase Execution Started TC001_AgentLoginTest
09:55:54.192 [main] INFO  testCases.TC001_AgentLoginTest - Pass username and password
09:55:54.943 [main] INFO  testCases.TC001_AgentLoginTest - Click Login button
09:55:55.078 [main] INFO  testCases.TC001_AgentLoginTest - Verify OTP Sent Successfully message
09:55:56.127 [main] INFO  testCases.TC001_AgentLoginTest - TestCase Execution Completed
09:58:47.631 [main] INFO  testCases.TC001_AgentLoginTest - Testcase Execution Started TC001_AgentLoginTest
09:58:47.661 [main] INFO  testCases.TC001_AgentLoginTest - Pass username and password
09:58:48.371 [main] INFO  testCases.TC001_AgentLoginTest - Click Login button
09:58:48.489 [main] INFO  testCases.TC001_AgentLoginTest - Verify OTP Sent Successfully message
09:58:58.580 [main] INFO  testCases.TC001_AgentLoginTest - TestCase Execution Completed
10:07:29.735 [main] INFO  testCases.TC001_AgentLoginTest - Testcase Execution Started TC001_AgentLoginTest
10:07:29.772 [main] INFO  testCases.TC001_AgentLoginTest - Pass username and password
10:07:30.441 [main] INFO  testCases.TC001_AgentLoginTest - Click Login button
10:07:30.589 [main] INFO  testCases.TC001_AgentLoginTest - Verify OTP Sent Successfully message
10:07:40.676 [main] INFO  testCases.TC001_AgentLoginTest - TestCase Execution Completed
10:03:35.140 [main] INFO  testCases.TC001_AgentLoginTest - Testcase Execution Started TC001_AgentLoginTest
10:03:35.174 [main] INFO  testCases.TC001_AgentLoginTest - Pass username and password
10:03:35.983 [main] INFO  testCases.TC001_AgentLoginTest - Click Login button
10:03:36.112 [main] INFO  testCases.TC001_AgentLoginTest - Verify OTP Sent Successfully message
10:03:46.219 [main] INFO  testCases.TC001_AgentLoginTest - TestCase Execution Completed
10:03:55.023 [main] INFO  testCases.TC002_LoginValidationTest - Testcase Execution Started TC002_AgentLoginTest
10:03:55.023 [main] INFO  testCases.TC002_LoginValidationTest - Pass username and password
10:03:55.359 [main] INFO  testCases.TC002_LoginValidationTest - Click Login button
10:03:55.462 [main] INFO  testCases.TC002_LoginValidationTest - Verify OTP Page Header is Displayed
10:04:05.775 [main] INFO  testCases.TC002_LoginValidationTest - Testcase Execution Started TC002_AgentLoginTest
10:04:05.778 [main] INFO  testCases.TC002_LoginValidationTest - Pass username and password
10:04:06.058 [main] INFO  testCases.TC002_LoginValidationTest - Click Login button
10:04:06.139 [main] INFO  testCases.TC002_LoginValidationTest - Verify OTP Page Header is Displayed
10:04:09.016 [main] INFO  testCases.TC002_LoginValidationTest - Testcase Execution Started TC002_AgentLoginTest
10:04:09.016 [main] INFO  testCases.TC002_LoginValidationTest - Pass username and password
10:04:09.247 [main] INFO  testCases.TC002_LoginValidationTest - Click Login button
10:04:09.335 [main] INFO  testCases.TC002_LoginValidationTest - Verify OTP Page Header is Displayed
10:04:19.370 [main] INFO  testCases.TC002_LoginValidationTest - Test execution completed TC002_LoginValidationTest
10:04:19.374 [main] INFO  testCases.TC002_LoginValidationTest - Testcase Execution Started TC002_AgentLoginTest
10:04:19.374 [main] INFO  testCases.TC002_LoginValidationTest - Pass username and password
10:04:19.706 [main] INFO  testCases.TC002_LoginValidationTest - Click Login button
10:04:19.805 [main] INFO  testCases.TC002_LoginValidationTest - Verify OTP Page Header is Displayed
10:04:29.826 [main] INFO  testCases.TC002_LoginValidationTest - Test execution completed TC002_LoginValidationTest
10:08:49.192 [TestNG-tests-1] INFO  testCases.TC001_AgentLoginTest - Testcase Execution Started TC001_AgentLoginTest
10:08:49.301 [TestNG-tests-1] INFO  testCases.TC001_AgentLoginTest - Pass username and password
10:08:52.468 [TestNG-tests-2] INFO  testCases.TC001_AgentLoginTest - Testcase Execution Started TC001_AgentLoginTest
10:08:52.468 [TestNG-tests-2] INFO  testCases.TC001_AgentLoginTest - Pass username and password
10:08:53.297 [TestNG-tests-1] INFO  testCases.TC001_AgentLoginTest - Click Login button
10:08:53.385 [TestNG-tests-2] INFO  testCases.TC001_AgentLoginTest - Click Login button
10:08:53.475 [TestNG-tests-1] INFO  testCases.TC001_AgentLoginTest - Verify OTP Sent Successfully message
10:08:55.436 [TestNG-tests-3] INFO  testCases.TC001_AgentLoginTest - Testcase Execution Started TC001_AgentLoginTest
10:08:55.436 [TestNG-tests-3] INFO  testCases.TC001_AgentLoginTest - Pass username and password
10:08:55.722 [TestNG-tests-3] INFO  testCases.TC001_AgentLoginTest - Click Login button
10:08:55.843 [TestNG-tests-3] INFO  testCases.TC001_AgentLoginTest - Verify OTP Sent Successfully message
10:09:03.511 [TestNG-tests-1] INFO  testCases.TC001_AgentLoginTest - TestCase Execution Completed
10:09:03.563 [TestNG-tests-2] INFO  testCases.TC001_AgentLoginTest - Verify OTP Sent Successfully message
10:09:05.861 [TestNG-tests-3] INFO  testCases.TC001_AgentLoginTest - TestCase Execution Completed
10:09:15.972 [TestNG-tests-2] INFO  testCases.TC001_AgentLoginTest - TestCase Execution Completed
10:38:51.138 [TestNG-tests-3] INFO  testCases.TC001_AgentLoginTest - Testcase Execution Started TC001_AgentLoginTest
10:38:51.138 [TestNG-tests-2] INFO  testCases.TC001_AgentLoginTest - Testcase Execution Started TC001_AgentLoginTest
10:38:51.138 [TestNG-tests-1] INFO  testCases.TC001_AgentLoginTest - Testcase Execution Started TC001_AgentLoginTest
10:38:51.182 [TestNG-tests-1] INFO  testCases.TC001_AgentLoginTest - Pass username and password
10:38:51.182 [TestNG-tests-3] INFO  testCases.TC001_AgentLoginTest - Pass username and password
10:38:51.182 [TestNG-tests-2] INFO  testCases.TC001_AgentLoginTest - Pass username and password
10:38:51.698 [TestNG-tests-2] INFO  testCases.TC001_AgentLoginTest - Click Login button
10:38:52.436 [TestNG-tests-2] INFO  testCases.TC001_AgentLoginTest - Verify OTP Sent Successfully message
10:39:02.475 [TestNG-tests-2] INFO  testCases.TC001_AgentLoginTest - TestCase Execution Completed
10:39:02.496 [TestNG-tests-3] INFO  testCases.TC001_AgentLoginTest - Click Login button
10:39:02.518 [TestNG-tests-1] INFO  testCases.TC001_AgentLoginTest - Click Login button
10:39:03.198 [TestNG-tests-3] INFO  testCases.TC001_AgentLoginTest - Verify OTP Sent Successfully message
10:39:03.770 [TestNG-tests-1] INFO  testCases.TC001_AgentLoginTest - Verify OTP Sent Successfully message
10:39:05.174 [TestNG-tests-1] INFO  testCases.TC001_AgentLoginTest - TestCase Execution Completed
10:39:05.175 [TestNG-tests-3] INFO  testCases.TC001_AgentLoginTest - TestCase Execution Completed
10:40:04.524 [TestNG-tests-1] INFO  testCases.TC001_AgentLoginTest - Testcase Execution Started TC001_AgentLoginTest
10:40:04.524 [TestNG-tests-3] INFO  testCases.TC001_AgentLoginTest - Testcase Execution Started TC001_AgentLoginTest
10:40:04.524 [TestNG-tests-2] INFO  testCases.TC001_AgentLoginTest - Testcase Execution Started TC001_AgentLoginTest
10:40:04.572 [TestNG-tests-3] INFO  testCases.TC001_AgentLoginTest - Pass username and password
10:40:04.572 [TestNG-tests-2] INFO  testCases.TC001_AgentLoginTest - Pass username and password
10:40:04.572 [TestNG-tests-1] INFO  testCases.TC001_AgentLoginTest - Pass username and password
10:40:05.103 [TestNG-tests-1] INFO  testCases.TC001_AgentLoginTest - Click Login button
10:40:05.136 [TestNG-tests-3] INFO  testCases.TC001_AgentLoginTest - Click Login button
10:40:05.160 [TestNG-tests-2] INFO  testCases.TC001_AgentLoginTest - Click Login button
10:40:05.749 [TestNG-tests-3] INFO  testCases.TC001_AgentLoginTest - Verify OTP Sent Successfully message
10:40:06.334 [TestNG-tests-1] INFO  testCases.TC001_AgentLoginTest - Verify OTP Sent Successfully message
10:40:16.351 [TestNG-tests-3] INFO  testCases.TC001_AgentLoginTest - TestCase Execution Completed
10:40:16.926 [TestNG-tests-2] INFO  testCases.TC001_AgentLoginTest - Verify OTP Sent Successfully message
10:40:27.029 [TestNG-tests-1] INFO  testCases.TC001_AgentLoginTest - TestCase Execution Completed
10:40:28.434 [TestNG-tests-2] INFO  testCases.TC001_AgentLoginTest - TestCase Execution Completed
10:44:28.879 [main] INFO  testCases.TC001_AgentLoginTest - Testcase Execution Started TC001_AgentLoginTest
10:44:28.910 [main] INFO  testCases.TC001_AgentLoginTest - Pass username and password
10:44:29.816 [main] INFO  testCases.TC001_AgentLoginTest - Click Login button
10:44:29.945 [main] INFO  testCases.TC001_AgentLoginTest - Verify OTP Sent Successfully message
10:44:31.219 [main] INFO  testCases.TC001_AgentLoginTest - TestCase Execution Completed
12:30:47.281 [main] INFO  testCases.TC001_AgentLoginTest - Testcase Execution Started TC001_AgentLoginTest
12:30:47.304 [main] INFO  testCases.TC001_AgentLoginTest - Pass username and password
12:30:48.243 [main] INFO  testCases.TC001_AgentLoginTest - Click Login button
12:30:48.357 [main] INFO  testCases.TC001_AgentLoginTest - Verify OTP Sent Successfully message
12:30:49.586 [main] INFO  testCases.TC001_AgentLoginTest - TestCase Execution Completed
